Arguments: 
  /usr/local/bin/node /usr/local/Cellar/yarn/1.22.10/libexec/bin/yarn.js add @ethersproject/contract

PATH: 
  ./bin:./node_modules/.bin:/Users/Piggyking/.pyenv/bin:/Users/Piggyking/.rbenv/shims:/Users/Piggyking/.rbenv/bin:/Library/Frameworks/Python.framework/Versions/3.10/bin:/usr/local/bin:/usr/bin:/bin:/usr/sbin:/sbin:/usr/local/MacGPG2/bin:/opt/X11/bin:./bin:./node_modules/.bin:/Users/Piggyking/.pyenv/bin:/Users/Piggyking/.rbenv/shims:/Users/Piggyking/.rbenv/bin:/Library/Frameworks/Python.framework/Versions/3.10/bin:/Users/Piggyking/Library/Python/3.10/bin:/Users/Piggyking/.local/bin:/usr/local/sbin:/Users/Piggyking/Library/Python/3.10/bin:/Users/Piggyking/.local/bin:/usr/local/sbin:/Users/Piggyking/Library/Python/3.10/bin:/Users/Piggyking/.local/bin

Yarn version: 
  1.22.10

Node version: 
  16.14.0

Platform: 
  darwin x64

Trace: 
  Error: https://registry.yarnpkg.com/@ethersproject%2fcontract: Not found
      at Request.params.callback [as _callback] (/usr/local/Cellar/yarn/1.22.10/libexec/lib/cli.js:66988:18)
      at Request.self.callback (/usr/local/Cellar/yarn/1.22.10/libexec/lib/cli.js:140749:22)
      at Request.emit (node:events:520:28)
      at Request.<anonymous> (/usr/local/Cellar/yarn/1.22.10/libexec/lib/cli.js:141721:10)
      at Request.emit (node:events:520:28)
      at IncomingMessage.<anonymous> (/usr/local/Cellar/yarn/1.22.10/libexec/lib/cli.js:141643:12)
      at Object.onceWrapper (node:events:639:28)
      at IncomingMessage.emit (node:events:532:35)
      at endReadableNT (node:internal/streams/readable:1346:12)
      at processTicksAndRejections (node:internal/process/task_queues:83:21)

npm manifest: 
  No manifest

yarn manifest: 
  No manifest

Lockfile: 
  # THIS IS AN AUTOGENERATED FILE. DO NOT EDIT THIS FILE DIRECTLY.
  # yarn lockfile v1
